This is pdfTeX, Version 3.141592653-2.6-1.40.26 (TeX Live 2025/dev/Debian) (preloaded format=pdflatex 2024.12.8)  19 DEC 2024 08:20
entering extended mode
 restricted \write18 enabled.
 file:line:error style messages enabled.
 %&-line parsing enabled.
**/home/fc/sci/projetos/QIS3D/text/qis.tex
(/home/fc/sci/projetos/QIS3D/text/qis.tex
LaTeX2e <2024-11-01>
L3 programming layer <2024-11-02>
(./elsarticle.cls
Document Class: elsarticle 2009/09/17, 1.20b: Elsevier Ltd
\@bls=\dimen141
(/usr/share/texlive/texmf-dist/tex/latex/base/article.cls
Document Class: article 2024/06/29 v1.4n Standard LaTeX document class
(/usr/share/texlive/texmf-dist/tex/latex/base/size12.clo
File: size12.clo 2024/06/29 v1.4n Standard LaTeX file (size option)
)
\c@part=\count196
\c@section=\count197
\c@subsection=\count198
\c@subsubsection=\count199
\c@paragraph=\count266
\c@subparagraph=\count267
\c@figure=\count268
\c@table=\count269
\abovecaptionskip=\skip49
\belowcaptionskip=\skip50
\bibindent=\dimen142
) (/usr/share/texlive/texmf-dist/tex/latex/graphics/graphicx.sty
Package: graphicx 2021/09/16 v1.2d Enhanced LaTeX Graphics (DPC,SPQR)
 (/usr/share/texlive/texmf-dist/tex/latex/graphics/keyval.sty
Package: keyval 2022/05/29 v1.15 key=value parser (DPC)
\KV@toks@=\toks17
) (/usr/share/texlive/texmf-dist/tex/latex/graphics/graphics.sty
Package: graphics 2024/08/06 v1.4g Standard LaTeX Graphics (DPC,SPQR)
 (/usr/share/texlive/texmf-dist/tex/latex/graphics/trig.sty
Package: trig 2023/12/02 v1.11 sin cos tan (DPC)
) (/usr/share/texlive/texmf-dist/tex/latex/graphics-cfg/graphics.cfg
File: graphics.cfg 2016/06/04 v1.11 sample graphics configuration
)
Package graphics Info: Driver file: pdftex.def on input line 106.
 (/usr/share/texlive/texmf-dist/tex/latex/graphics-def/pdftex.def
File: pdftex.def 2024/04/13 v1.2c Graphics/color driver for pdftex
))
\Gin@req@height=\dimen143
\Gin@req@width=\dimen144
) (/usr/share/texlive/texmf-dist/tex/latex/psnfss/pifont.sty
Package: pifont 2020/03/25 PSNFSS-v9.3 Pi font support (SPQR) 
LaTeX Font Info:    Trying to load font information for U+pzd on input line 63.
 (/usr/share/texlive/texmf-dist/tex/latex/psnfss/upzd.fd
File: upzd.fd 2001/06/04 font definitions for U/pzd.
)
LaTeX Font Info:    Trying to load font information for U+psy on input line 64.
 (/usr/share/texlive/texmf-dist/tex/latex/psnfss/upsy.fd
File: upsy.fd 2001/06/04 font definitions for U/psy.
))
\c@tnote=\count270
\c@fnote=\count271
\c@cnote=\count272
\c@ead=\count273
\c@author=\count274
\@eadauthor=\toks18
\c@affn=\count275
\absbox=\box52
\keybox=\box53
\Columnwidth=\dimen145
\space@left=\dimen146
\els@boxa=\box54
\els@boxb=\box55
\leftMargin=\dimen147
\@enLab=\toks19
\@sep=\skip51
\@@sep=\skip52
 (./qis.spl) (/usr/share/texlive/texmf-dist/tex/latex/natbib/natbib.sty
Package: natbib 2010/09/13 8.31b (PWD, AO)
\bibhang=\skip53
\bibsep=\skip54
LaTeX Info: Redefining \cite on input line 694.
\c@NAT@ctr=\count276
)
\splwrite=\write3
\openout3 = `qis.spl'.

\appnamewidth=\dimen148
) (/usr/share/texlive/texmf-dist/tex/latex/amsfonts/amssymb.sty
Package: amssymb 2013/01/14 v3.01 AMS font symbols
 (/usr/share/texlive/texmf-dist/tex/latex/amsfonts/amsfonts.sty
Package: amsfonts 2013/01/14 v3.01 Basic AMSFonts support
\@emptytoks=\toks20
\symAMSa=\mathgroup4
\symAMSb=\mathgroup5
LaTeX Font Info:    Redeclaring math symbol \hbar on input line 98.
LaTeX Font Info:    Overwriting math alphabet `\mathfrak' in version `bold'
(Font)                  U/euf/m/n --> U/euf/b/n on input line 106.
)) (/usr/share/texlive/texmf-dist/tex/latex/base/inputenc.sty
Package: inputenc 2024/02/08 v1.3d Input encoding file
\inpenc@prehook=\toks21
\inpenc@posthook=\toks22
) (/usr/share/texlive/texmf-dist/tex/latex/pseudocode/pseudocode.sty
** 
** Document Style `pseudocode' - environment 
** by D.L. Kreher and D.R. Stinson 
** 
** The pseudocode environment was originally developed for the book
** Combinatorial Algorithms: Enumeration, Generation, and Search
** CRC Press, 1999. 
Package: pseudocode 
\pcode@width=\skip55
(/usr/share/texlive/texmf-dist/tex/latex/fancybox/fancybox.sty
Package: fancybox 2010/05/15 1.4

Style option: `fancybox' v1.4 <2010/05/15> (tvz)
\@fancybox=\box56
\shadowsize=\dimen149
\@Sbox=\box57
\do@VerbBox=\toks23
\the@fancyput=\toks24
\this@fancyput=\toks25
\EndVerbatimTokens=\toks26
\Verbatim@Outfile=\write4
\Verbatim@Infile=\read2
) (/usr/share/texlive/texmf-dist/tex/latex/base/ifthen.sty
Package: ifthen 2024/03/16 v1.1e Standard LaTeX ifthen package (DPC)
)
\c@pseudocode=\count277
\c@pseudonum=\count278
) (/usr/share/texlive/texmf-dist/tex/latex/pstricks/pstricks.sty
Package: pstricks 2024/02/02 v0.75 LaTeX wrapper for `PSTricks' (RN,HV)
 (/usr/share/texlive/texmf-dist/tex/generic/iftex/iftex.sty
Package: iftex 2022/02/03 v1.0f TeX engine tests
) (/usr/share/texlive/texmf-dist/tex/latex/xcolor/xcolor.sty
Package: xcolor 2024/09/29 v3.02 LaTeX color extensions (UK)
 (/usr/share/texlive/texmf-dist/tex/latex/graphics-cfg/color.cfg
File: color.cfg 2016/01/02 v1.6 sample color configuration
)
Package xcolor Info: Driver file: pdftex.def on input line 274.
 (/usr/share/texlive/texmf-dist/tex/latex/graphics/mathcolor.ltx)
Package xcolor Info: Model `cmy' substituted by `cmy0' on input line 1349.
Package xcolor Info: Model `hsb' substituted by `rgb' on input line 1353.
Package xcolor Info: Model `RGB' extended on input line 1365.
Package xcolor Info: Model `HTML' substituted by `rgb' on input line 1367.
Package xcolor Info: Model `Hsb' substituted by `hsb' on input line 1368.
Package xcolor Info: Model `tHsb' substituted by `hsb' on input line 1369.
Package xcolor Info: Model `HSB' substituted by `hsb' on input line 1370.
Package xcolor Info: Model `Gray' substituted by `gray' on input line 1371.
Package xcolor Info: Model `wave' substituted by `hsb' on input line 1372.
) (/usr/share/texlive/texmf-dist/tex/generic/xkeyval/pst-xkey.tex
File: pst-xkey.tex 2005/11/25 v1.6 PSTricks specialization of xkeyval (HA)
 (/usr/share/texlive/texmf-dist/tex/latex/xkeyval/xkeyval.sty
Package: xkeyval 2022/06/16 v2.9 package option processing (HA)
 (/usr/share/texlive/texmf-dist/tex/generic/xkeyval/xkeyval.tex (/usr/share/texlive/texmf-dist/tex/generic/xkeyval/xkvutils.tex
\XKV@toks=\toks27
\XKV@tempa@toks=\toks28
)
\XKV@depth=\count279
File: xkeyval.tex 2014/12/03 v2.7a key=value parser (HA)
))) (/usr/share/texlive/texmf-dist/tex/generic/pstricks/pstricks.tex (/usr/share/texlive/texmf-dist/tex/generic/pstricks/pst-fp.tex `pst-fp' v0.06, 2020/11/20 (hv)
\pstFP@xs=\count280
\pstFP@xia=\count281
\pstFP@xib=\count282
\pstFP@xfa=\count283
\pstFP@xfb=\count284
\pstFP@rega=\count285
\pstFP@regb=\count286
\pstFP@regs=\count287
\pstFP@times=\count288
) (/usr/share/texlive/texmf-dist/tex/latex/pgf/utilities/pgffor.sty (/usr/share/texlive/texmf-dist/tex/latex/pgf/utilities/pgfrcs.sty (/usr/share/texlive/texmf-dist/tex/generic/pgf/utilities/pgfutil-common.tex
\pgfutil@everybye=\toks29
\pgfutil@tempdima=\dimen150
\pgfutil@tempdimb=\dimen151
) (/usr/share/texlive/texmf-dist/tex/generic/pgf/utilities/pgfutil-latex.def
\pgfutil@abb=\box58
) (/usr/share/texlive/texmf-dist/tex/generic/pgf/utilities/pgfrcs.code.tex (/usr/share/texlive/texmf-dist/tex/generic/pgf/pgf.revision.tex)
Package: pgfrcs 2023-01-15 v3.1.10 (3.1.10)
)) (/usr/share/texlive/texmf-dist/tex/latex/pgf/utilities/pgfkeys.sty (/usr/share/texlive/texmf-dist/tex/generic/pgf/utilities/pgfkeys.code.tex
\pgfkeys@pathtoks=\toks30
\pgfkeys@temptoks=\toks31
 (/usr/share/texlive/texmf-dist/tex/generic/pgf/utilities/pgfkeyslibraryfiltered.code.tex
\pgfkeys@tmptoks=\toks32
))) (/usr/share/texlive/texmf-dist/tex/latex/pgf/math/pgfmath.sty (/usr/share/texlive/texmf-dist/tex/generic/pgf/math/pgfmath.code.tex (/usr/share/texlive/texmf-dist/tex/generic/pgf/math/pgfmathutil.code.tex
\pgf@x=\dimen152
\pgf@xa=\dimen153
\pgf@xb=\dimen154
\pgf@xc=\dimen155
\pgf@y=\dimen156
\pgf@ya=\dimen157
\pgf@yb=\dimen158
\pgf@yc=\dimen159
\c@pgf@counta=\count289
\c@pgf@countb=\count290
\c@pgf@countc=\count291
\c@pgf@countd=\count292
) (/usr/share/texlive/texmf-dist/tex/generic/pgf/math/pgfmathparser.code.tex
\pgfmath@dimen=\dimen160
\pgfmath@count=\count293
\pgfmath@box=\box59
\pgfmath@toks=\toks33
\pgfmath@stack@operand=\toks34
\pgfmath@stack@operation=\toks35
) (/usr/share/texlive/texmf-dist/tex/generic/pgf/math/pgfmathfunctions.code.tex) (/usr/share/texlive/texmf-dist/tex/generic/pgf/math/pgfmathfunctions.basic.code.tex) (/usr/share/texlive/texmf-dist/tex/generic/pgf/math/pgfmathfunctions.trigonometric.code.tex) (/usr/share/texlive/texmf-dist/tex/generic/pgf/math/pgfmathfunctions.random.code.tex) (/usr/share/texlive/texmf-dist/tex/generic/pgf/math/pgfmathfunctions.comparison.code.tex) (/usr/share/texlive/texmf-dist/tex/generic/pgf/math/pgfmathfunctions.base.code.tex) (/usr/share/texlive/texmf-dist/tex/generic/pgf/math/pgfmathfunctions.round.code.tex) (/usr/share/texlive/texmf-dist/tex/generic/pgf/math/pgfmathfunctions.misc.code.tex) (/usr/share/texlive/texmf-dist/tex/generic/pgf/math/pgfmathfunctions.integerarithmetics.code.tex) (/usr/share/texlive/texmf-dist/tex/generic/pgf/math/pgfmathcalc.code.tex) (/usr/share/texlive/texmf-dist/tex/generic/pgf/math/pgfmathfloat.code.tex
\c@pgfmathroundto@lastzeros=\count294
))) (/usr/share/texlive/texmf-dist/tex/generic/pgf/utilities/pgffor.code.tex
Package: pgffor 2023-01-15 v3.1.10 (3.1.10)
\pgffor@iter=\dimen161
\pgffor@skip=\dimen162
\pgffor@stack=\toks36
\pgffor@toks=\toks37
))
\psLoopIndex=\count295

`PSTricks' v3.20  <2024/07/09> (tvz,hv)
\pst@dima=\dimen163
\pst@dimb=\dimen164
\pst@dimc=\dimen165
\pst@dimd=\dimen166
\pst@dimg=\dimen167
\pst@dimh=\dimen168
\pst@dimm=\dimen169
\pst@dimn=\dimen170
\pst@dimo=\dimen171
\pst@dimp=\dimen172
\pst@hbox=\box60
\pst@ibox=\box61
\pst@boxg=\box62
\pst@cnta=\count296
\pst@cntb=\count297
\pst@cntc=\count298
\pst@cntd=\count299
\pst@cntg=\count300
\pst@cnth=\count301
\pst@cntm=\count302
\pst@cntn=\count303
\pst@cnto=\count304
\pst@cntp=\count305
\@zero=\count306
\pst@toks=\toks38
--- We are running latex or xelatex ---
(/usr/share/texlive/texmf-dist/tex/generic/pstricks/pstricks.con) (/usr/share/texlive/texmf-dist/tex/generic/pstricks/pstricks-color.tex)
\psunit=\dimen173
\psxunit=\dimen174
\psyunit=\dimen175
\pst@C@@rType=\count307
\pslinewidth=\dimen176
\psk@startLW=\dimen177
\psk@endLW=\dimen178
 (/usr/share/texlive/texmf-dist/tex/generic/pstricks/pstricks-arrows.tex
\pshooklength=\dimen179
\pshookwidth=\dimen180
)
\pst@customdefs=\toks39
 (/usr/share/texlive/texmf-dist/tex/generic/pstricks/pstricks-dots.tex)
\pslinearc=\dimen181
\pst@symbolStep=\dimen182
\pst@symbolWidth=\dimen183
\pst@symbolLinewidth=\dimen184
\everypsbox=\toks40
\psframesep=\dimen185
\pslabelsep=\dimen186
\sh@wgridXunit=\dimen187
\sh@wgridYunit=\dimen188
\pst@shift=\dimen189
\ps@imagectr=\count308
 (/usr/share/texlive/texmf-dist/tex/generic/pstricks/pstricks.con))
File: pstricks.tex 2024/07/09 v3.20 `PSTricks' (tvz,hv)
 (/usr/share/texlive/texmf-dist/tex/generic/pstricks/pst-fp.tex `pst-fp' v0.06, 2020/11/20 (hv))
File: pst-fp.tex 2020/11/20 v0.06 `PST-fp' (hv)
) (/usr/share/texlive/texmf-dist/tex/latex/amsmath/amsmath.sty
Package: amsmath 2024/11/05 v2.17t AMS math features
\@mathmargin=\skip56

For additional information on amsmath, use the `?' option.
(/usr/share/texlive/texmf-dist/tex/latex/amsmath/amstext.sty
Package: amstext 2021/08/26 v2.01 AMS text
 (/usr/share/texlive/texmf-dist/tex/latex/amsmath/amsgen.sty
File: amsgen.sty 1999/11/30 v2.0 generic functions
\@emptytoks=\toks41
\ex@=\dimen190
)) (/usr/share/texlive/texmf-dist/tex/latex/amsmath/amsbsy.sty
Package: amsbsy 1999/11/29 v1.2d Bold Symbols
\pmbraise@=\dimen191
) (/usr/share/texlive/texmf-dist/tex/latex/amsmath/amsopn.sty
Package: amsopn 2022/04/08 v2.04 operator names
)
\inf@bad=\count309
LaTeX Info: Redefining \frac on input line 233.
\uproot@=\count310
\leftroot@=\count311
LaTeX Info: Redefining \overline on input line 398.
LaTeX Info: Redefining \colon on input line 409.
\classnum@=\count312
\DOTSCASE@=\count313
LaTeX Info: Redefining \ldots on input line 495.
LaTeX Info: Redefining \dots on input line 498.
LaTeX Info: Redefining \cdots on input line 619.
\Mathstrutbox@=\box63
\strutbox@=\box64
LaTeX Info: Redefining \big on input line 721.
LaTeX Info: Redefining \Big on input line 722.
LaTeX Info: Redefining \bigg on input line 723.
LaTeX Info: Redefining \Bigg on input line 724.
\big@size=\dimen192
LaTeX Font Info:    Redeclaring font encoding OML on input line 742.
LaTeX Font Info:    Redeclaring font encoding OMS on input line 743.
\macc@depth=\count314
LaTeX Info: Redefining \bmod on input line 904.
LaTeX Info: Redefining \pmod on input line 909.
LaTeX Info: Redefining \smash on input line 939.
LaTeX Info: Redefining \relbar on input line 969.
LaTeX Info: Redefining \Relbar on input line 970.
\c@MaxMatrixCols=\count315
\dotsspace@=\muskip17
\c@parentequation=\count316
\dspbrk@lvl=\count317
\tag@help=\toks42
\row@=\count318
\column@=\count319
\maxfields@=\count320
\andhelp@=\toks43
\eqnshift@=\dimen193
\alignsep@=\dimen194
\tagshift@=\dimen195
\tagwidth@=\dimen196
\totwidth@=\dimen197
\lineht@=\dimen198
\@envbody=\toks44
\multlinegap=\skip57
\multlinetaggap=\skip58
\mathdisplay@stack=\toks45
LaTeX Info: Redefining \[ on input line 2953.
LaTeX Info: Redefining \] on input line 2954.
) (/usr/share/texlive/texmf-dist/tex/latex/subfigure/subfigure.sty
Package: subfigure 2002/03/15 v2.1.5 subfigure package
\subfigtopskip=\skip59
\subfigcapskip=\skip60
\subfigcaptopadj=\dimen199
\subfigbottomskip=\skip61
\subfigcapmargin=\dimen256
\subfiglabelskip=\skip62
\c@subfigure=\count321
\c@lofdepth=\count322
\c@subtable=\count323
\c@lotdepth=\count324

****************************************
* Local config file subfigure.cfg used *
****************************************
(/usr/share/texlive/texmf-dist/tex/latex/subfigure/subfigure.cfg)
\subfig@top=\skip63
\subfig@bottom=\skip64
) (/usr/share/texlive/texmf-dist/tex/latex/multirow/multirow.sty
Package: multirow 2024/11/12 v2.9 Span multiple rows of a table
\multirow@colwidth=\skip65
\multirow@cntb=\count325
\multirow@dima=\skip66
\bigstrutjot=\dimen257
) (/usr/share/texlive/texmf-dist/tex/latex/base/fontenc.sty
Package: fontenc 2021/04/29 v2.0v Standard LaTeX package
)
\arrayruleHwidth=\dimen258
 (/usr/share/texlive/texmf-dist/tex/latex/l3backend/l3backend-pdftex.def
File: l3backend-pdftex.def 2024-05-08 L3 backend support: PDF output (pdfTeX)
\l__color_backend_stack_int=\count326
\l__pdf_internal_box=\box65
) (./qis.aux)
\openout1 = `qis.aux'.

LaTeX Font Info:    Checking defaults for OML/cmm/m/it on input line 102.
LaTeX Font Info:    ... okay on input line 102.
LaTeX Font Info:    Checking defaults for OMS/cmsy/m/n on input line 102.
LaTeX Font Info:    ... okay on input line 102.
LaTeX Font Info:    Checking defaults for OT1/cmr/m/n on input line 102.
LaTeX Font Info:    ... okay on input line 102.
LaTeX Font Info:    Checking defaults for T1/cmr/m/n on input line 102.
LaTeX Font Info:    ... okay on input line 102.
LaTeX Font Info:    Checking defaults for TS1/cmr/m/n on input line 102.
LaTeX Font Info:    ... okay on input line 102.
LaTeX Font Info:    Checking defaults for OMX/cmex/m/n on input line 102.
LaTeX Font Info:    ... okay on input line 102.
LaTeX Font Info:    Checking defaults for U/cmr/m/n on input line 102.
LaTeX Font Info:    ... okay on input line 102.
 (/usr/share/texlive/texmf-dist/tex/context/base/mkii/supp-pdf.mkii
[Loading MPS to PDF converter (version 2006.09.02).]
\scratchcounter=\count327
\scratchdimen=\dimen259
\scratchbox=\box66
\nofMPsegments=\count328
\nofMParguments=\count329
\everyMPshowfont=\toks46
\MPscratchCnt=\count330
\MPscratchDim=\dimen260
\MPnumerator=\count331
\makeMPintoPDFobject=\count332
\everyMPtoPDFconversion=\toks47
) (/usr/share/texlive/texmf-dist/tex/latex/epstopdf-pkg/epstopdf-base.sty
Package: epstopdf-base 2020-01-24 v2.11 Base part for package epstopdf
 (/usr/share/texlive/texmf-dist/tex/generic/infwarerr/infwarerr.sty
Package: infwarerr 2019/12/03 v1.5 Providing info/warning/error messages (HO)
) (/usr/share/texlive/texmf-dist/tex/latex/grfext/grfext.sty
Package: grfext 2019/12/03 v1.3 Manage graphics extensions (HO)
 (/usr/share/texlive/texmf-dist/tex/generic/kvdefinekeys/kvdefinekeys.sty
Package: kvdefinekeys 2019-12-19 v1.6 Define keys (HO)
)) (/usr/share/texlive/texmf-dist/tex/latex/kvoptions/kvoptions.sty
Package: kvoptions 2022-06-15 v3.15 Key value format for package options (HO)
 (/usr/share/texlive/texmf-dist/tex/generic/ltxcmds/ltxcmds.sty
Package: ltxcmds 2023-12-04 v1.26 LaTeX kernel commands for general use (HO)
) (/usr/share/texlive/texmf-dist/tex/latex/kvsetkeys/kvsetkeys.sty
Package: kvsetkeys 2022-10-05 v1.19 Key value parser (HO)
)) (/usr/share/texlive/texmf-dist/tex/generic/pdftexcmds/pdftexcmds.sty
Package: pdftexcmds 2020-06-27 v0.33 Utility functions of pdfTeX for LuaTeX (HO)
Package pdftexcmds Info: \pdf@primitive is available.
Package pdftexcmds Info: \pdf@ifprimitive is available.
Package pdftexcmds Info: \pdfdraftmode found.
)
Package epstopdf-base Info: Redefining graphics rule for `.eps' on input line 485.
Package grfext Info: Graphics extension search list:
(grfext)             [.pdf,.png,.jpg,.mps,.jpeg,.jbig2,.jb2,.PDF,.PNG,.JPG,.JPEG,.JBIG2,.JB2,.eps]
(grfext)             \AppendGraphicsExtensions on input line 504.
 (/usr/share/texlive/texmf-dist/tex/latex/latexconfig/epstopdf-sys.cfg
File: epstopdf-sys.cfg 2010/07/13 v1.3 Configuration of (r)epstopdf for TeX Live
))
LaTeX Font Info:    Trying to load font information for U+msa on input line 165.
 (/usr/share/texlive/texmf-dist/tex/latex/amsfonts/umsa.fd
File: umsa.fd 2013/01/14 v3.01 AMS symbols A
)
LaTeX Font Info:    Trying to load font information for U+msb on input line 165.
 (/usr/share/texlive/texmf-dist/tex/latex/amsfonts/umsb.fd
File: umsb.fd 2013/01/14 v3.01 AMS symbols B
)

[1
Non-PDF special ignored!
<special> header=pstricks.pro
Non-PDF special ignored!
<special> header=pst-algparser.pro
Non-PDF special ignored!
<special> header=pst-tools.pro
Non-PDF special ignored!
<special> header=pst-dots.pro

Non-PDF special ignored!
<special> ps: /pssetRGBcolor /setrgbcolor load def /pssetCMYKcolor /setcmyk...
Non-PDF special ignored!
<special> ps:tx@Dict begin  gsave STV CP T /ps@rot 0 def grestore  end
Non-PDF special ignored!
<special> ps:tx@Dict begin  gsave STV CP T /ps@refangle 0.  def grestore  e...

{/var/lib/texmf/fonts/map/pdftex/updmap/pdftex.map}{/usr/share/texmf/fonts/enc/dvips/cm-super/cm-super-t1.enc}]

[2]
Package epstopdf Info: Source file: <figures/slopes_new.eps>
(epstopdf)                    date: 2024-12-18 16:42:40
(epstopdf)                    size: 25543 bytes
(epstopdf)             Output file: <figures/slopes_new-eps-converted-to.pdf>
(epstopdf)                    date: 2024-12-18 16:43:36
(epstopdf)                    size: 9710 bytes
(epstopdf)             Command: <repstopdf --outfile=figures/slopes_new-eps-converted-to.pdf figures/slopes_new.eps>
(epstopdf)             \includegraphics on input line 224.
Package epstopdf Info: Output file is already uptodate.
<figures/slopes_new-eps-converted-to.pdf, id=16, 217.81375pt x 122.4575pt>
File: figures/slopes_new-eps-converted-to.pdf Graphic file (type pdf)
<use figures/slopes_new-eps-converted-to.pdf>
Package pdftex.def Info: figures/slopes_new-eps-converted-to.pdf  used on input line 224.
(pdftex.def)             Requested size: 196.03055pt x 110.21071pt.
Package epstopdf Info: Source file: <figures/4by4.eps>
(epstopdf)                    date: 2024-12-18 16:42:40
(epstopdf)                    size: 11936 bytes
(epstopdf)             Output file: <figures/4by4-eps-converted-to.pdf>
(epstopdf)                    date: 2024-12-18 16:43:36
(epstopdf)                    size: 2689 bytes
(epstopdf)             Command: <repstopdf --outfile=figures/4by4-eps-converted-to.pdf figures/4by4.eps>
(epstopdf)             \includegraphics on input line 234.
Package epstopdf Info: Output file is already uptodate.
<figures/4by4-eps-converted-to.pdf, id=17, 71.26625pt x 75.28125pt>
File: figures/4by4-eps-converted-to.pdf Graphic file (type pdf)
<use figures/4by4-eps-converted-to.pdf>
Package pdftex.def Info: figures/4by4-eps-converted-to.pdf  used on input line 234.
(pdftex.def)             Requested size: 85.51904pt x 90.33702pt.


[3]
Package epstopdf Info: Source file: <figures/09by09.eps>
(epstopdf)                    date: 2024-12-18 16:42:40
(epstopdf)                    size: 1921 bytes
(epstopdf)             Output file: <figures/09by09-eps-converted-to.pdf>
(epstopdf)                    date: 2024-12-18 16:43:36
(epstopdf)                    size: 2571 bytes
(epstopdf)             Command: <repstopdf --outfile=figures/09by09-eps-converted-to.pdf figures/09by09.eps>
(epstopdf)             \includegraphics on input line 250.
Package epstopdf Info: Output file is already uptodate.
<figures/09by09-eps-converted-to.pdf, id=26, 10.0375pt x 10.0375pt>
File: figures/09by09-eps-converted-to.pdf Graphic file (type pdf)
<use figures/09by09-eps-converted-to.pdf>
Package pdftex.def Info: figures/09by09-eps-converted-to.pdf  used on input line 250.
(pdftex.def)             Requested size: 90.33714pt x 90.33714pt.


LaTeX Warning: `!h' float specifier changed to `!ht'.



[4 <./figures/slopes_new-eps-converted-to.pdf>]

[5 <./figures/4by4-eps-converted-to.pdf> <./figures/09by09-eps-converted-to.pdf>]
Package epstopdf Info: Source file: <figures/cyl.eps>
(epstopdf)                    date: 2024-12-18 16:42:40
(epstopdf)                    size: 36296 bytes
(epstopdf)             Output file: <figures/cyl-eps-converted-to.pdf>
(epstopdf)                    date: 2024-12-18 16:43:36
(epstopdf)                    size: 3010 bytes
(epstopdf)             Command: <repstopdf --outfile=figures/cyl-eps-converted-to.pdf figures/cyl.eps>
(epstopdf)             \includegraphics on input line 307.
Package epstopdf Info: Output file is already uptodate.
<figures/cyl-eps-converted-to.pdf, id=45, 98.3675pt x 167.62625pt>
File: figures/cyl-eps-converted-to.pdf Graphic file (type pdf)
<use figures/cyl-eps-converted-to.pdf>
Package pdftex.def Info: figures/cyl-eps-converted-to.pdf  used on input line 307.
(pdftex.def)             Requested size: 98.36723pt x 167.62582pt.


[6 <./figures/cyl-eps-converted-to.pdf>]
Package epstopdf Info: Source file: <figures/toric.eps>
(epstopdf)                    date: 2024-12-18 16:42:40
(epstopdf)                    size: 94009 bytes
(epstopdf)             Output file: <figures/toric-eps-converted-to.pdf>
(epstopdf)                    date: 2024-12-18 16:43:37
(epstopdf)                    size: 3530 bytes
(epstopdf)             Command: <repstopdf --outfile=figures/toric-eps-converted-to.pdf figures/toric.eps>
(epstopdf)             \includegraphics on input line 353.
Package epstopdf Info: Output file is already uptodate.
<figures/toric-eps-converted-to.pdf, id=52, 193.72375pt x 220.825pt>
File: figures/toric-eps-converted-to.pdf Graphic file (type pdf)
<use figures/toric-eps-converted-to.pdf>
Package pdftex.def Info: figures/toric-eps-converted-to.pdf  used on input line 353.
(pdftex.def)             Requested size: 193.72327pt x 220.82445pt.


[7]

[8 <./figures/toric-eps-converted-to.pdf>]
Package epstopdf Info: Source file: <figures/symmetry.eps>
(epstopdf)                    date: 2024-12-18 16:42:40
(epstopdf)                    size: 70632 bytes
(epstopdf)             Output file: <figures/symmetry-eps-converted-to.pdf>
(epstopdf)                    date: 2024-12-18 16:43:37
(epstopdf)                    size: 3447 bytes
(epstopdf)             Command: <repstopdf --outfile=figures/symmetry-eps-converted-to.pdf figures/symmetry.eps>
(epstopdf)             \includegraphics on input line 398.
Package epstopdf Info: Output file is already uptodate.
<figures/symmetry-eps-converted-to.pdf, id=62, 49.18375pt x 42.1575pt>
File: figures/symmetry-eps-converted-to.pdf Graphic file (type pdf)
<use figures/symmetry-eps-converted-to.pdf>
Package pdftex.def Info: figures/symmetry-eps-converted-to.pdf  used on input line 398.
(pdftex.def)             Requested size: 196.73444pt x 168.62952pt.


LaTeX Warning: `h' float specifier changed to `ht'.

Package epstopdf Info: Source file: <figures/fovea1.eps>
(epstopdf)                    date: 2024-12-18 16:42:40
(epstopdf)                    size: 10039 bytes
(epstopdf)             Output file: <figures/fovea1-eps-converted-to.pdf>
(epstopdf)                    date: 2024-12-18 16:43:37
(epstopdf)                    size: 2700 bytes
(epstopdf)             Command: <repstopdf --outfile=figures/fovea1-eps-converted-to.pdf figures/fovea1.eps>
(epstopdf)             \includegraphics on input line 419.
Package epstopdf Info: Output file is already uptodate.
<figures/fovea1-eps-converted-to.pdf, id=63, 67.25125pt x 67.25125pt>
File: figures/fovea1-eps-converted-to.pdf Graphic file (type pdf)
<use figures/fovea1-eps-converted-to.pdf>
Package pdftex.def Info: figures/fovea1-eps-converted-to.pdf  used on input line 419.
(pdftex.def)             Requested size: 67.25107pt x 67.25107pt.
Package epstopdf Info: Source file: <figures/fovea2.eps>
(epstopdf)                    date: 2024-12-18 16:42:40
(epstopdf)                    size: 34195 bytes
(epstopdf)             Output file: <figures/fovea2-eps-converted-to.pdf>
(epstopdf)                    date: 2024-12-18 16:43:37
(epstopdf)                    size: 2835 bytes
(epstopdf)             Command: <repstopdf --outfile=figures/fovea2-eps-converted-to.pdf figures/fovea2.eps>
(epstopdf)             \includegraphics on input line 420.
Package epstopdf Info: Output file is already uptodate.
<figures/fovea2-eps-converted-to.pdf, id=64, 126.4725pt x 122.4575pt>
File: figures/fovea2-eps-converted-to.pdf Graphic file (type pdf)
<use figures/fovea2-eps-converted-to.pdf>
Package pdftex.def Info: figures/fovea2-eps-converted-to.pdf  used on input line 420.
(pdftex.def)             Requested size: 126.47218pt x 122.45718pt.


[9]

[10 <./figures/symmetry-eps-converted-to.pdf>]

[11 <./figures/fovea1-eps-converted-to.pdf> <./figures/fovea2-eps-converted-to.pdf>]
Package epstopdf Info: Source file: <figures/ln_polar.eps>
(epstopdf)                    date: 2024-12-18 16:42:40
(epstopdf)                    size: 281526 bytes
(epstopdf)             Output file: <figures/ln_polar-eps-converted-to.pdf>
(epstopdf)                    date: 2024-12-18 16:43:37
(epstopdf)                    size: 5006 bytes
(epstopdf)             Command: <repstopdf --outfile=figures/ln_polar-eps-converted-to.pdf figures/ln_polar.eps>
(epstopdf)             \includegraphics on input line 483.
Package epstopdf Info: Output file is already uptodate.
<figures/ln_polar-eps-converted-to.pdf, id=81, 482.80376pt x 265.99374pt>
File: figures/ln_polar-eps-converted-to.pdf Graphic file (type pdf)
<use figures/ln_polar-eps-converted-to.pdf>
Package pdftex.def Info: figures/ln_polar-eps-converted-to.pdf  used on input line 483.
(pdftex.def)             Requested size: 289.6845pt x 159.59747pt.


[12 <./figures/ln_polar-eps-converted-to.pdf>]
Package epstopdf Info: Source file: <figures/ex1.eps>
(epstopdf)                    date: 2024-12-18 16:42:40
(epstopdf)                    size: 36334 bytes
(epstopdf)             Output file: <figures/ex1-eps-converted-to.pdf>
(epstopdf)                    date: 2024-12-18 16:43:37
(epstopdf)                    size: 2820 bytes
(epstopdf)             Command: <repstopdf --outfile=figures/ex1-eps-converted-to.pdf figures/ex1.eps>
(epstopdf)             \includegraphics on input line 504.
Package epstopdf Info: Output file is already uptodate.
<figures/ex1-eps-converted-to.pdf, id=87, 128.48pt x 128.48pt>
File: figures/ex1-eps-converted-to.pdf Graphic file (type pdf)
<use figures/ex1-eps-converted-to.pdf>
Package pdftex.def Info: figures/ex1-eps-converted-to.pdf  used on input line 504.
(pdftex.def)             Requested size: 77.08858pt x 77.08858pt.
Package epstopdf Info: Source file: <figures/ex2.eps>
(epstopdf)                    date: 2024-12-18 16:42:40
(epstopdf)                    size: 36334 bytes
(epstopdf)             Output file: <figures/ex2-eps-converted-to.pdf>
(epstopdf)                    date: 2024-12-18 16:43:37
(epstopdf)                    size: 2821 bytes
(epstopdf)             Command: <repstopdf --outfile=figures/ex2-eps-converted-to.pdf figures/ex2.eps>
(epstopdf)             \includegraphics on input line 505.
Package epstopdf Info: Output file is already uptodate.
<figures/ex2-eps-converted-to.pdf, id=88, 128.48pt x 128.48pt>
File: figures/ex2-eps-converted-to.pdf Graphic file (type pdf)
<use figures/ex2-eps-converted-to.pdf>
Package pdftex.def Info: figures/ex2-eps-converted-to.pdf  used on input line 505.
(pdftex.def)             Requested size: 77.08858pt x 77.08858pt.
Package epstopdf Info: Source file: <figures/ex3.eps>
(epstopdf)                    date: 2024-12-18 16:42:40
(epstopdf)                    size: 36334 bytes
(epstopdf)             Output file: <figures/ex3-eps-converted-to.pdf>
(epstopdf)                    date: 2024-12-18 16:43:38
(epstopdf)                    size: 2810 bytes
(epstopdf)             Command: <repstopdf --outfile=figures/ex3-eps-converted-to.pdf figures/ex3.eps>
(epstopdf)             \includegraphics on input line 506.
Package epstopdf Info: Output file is already uptodate.
<figures/ex3-eps-converted-to.pdf, id=89, 128.48pt x 128.48pt>
File: figures/ex3-eps-converted-to.pdf Graphic file (type pdf)
<use figures/ex3-eps-converted-to.pdf>
Package pdftex.def Info: figures/ex3-eps-converted-to.pdf  used on input line 506.
(pdftex.def)             Requested size: 77.08858pt x 77.08858pt.
Package epstopdf Info: Source file: <figures/3dgrid1.eps>
(epstopdf)                    date: 2024-12-18 16:42:40
(epstopdf)                    size: 36064 bytes
(epstopdf)             Output file: <figures/3dgrid1-eps-converted-to.pdf>
(epstopdf)                    date: 2024-12-18 16:43:38
(epstopdf)                    size: 11954 bytes
(epstopdf)             Command: <repstopdf --outfile=figures/3dgrid1-eps-converted-to.pdf figures/3dgrid1.eps>
(epstopdf)             \includegraphics on input line 542.
Package epstopdf Info: Output file is already uptodate.
<figures/3dgrid1-eps-converted-to.pdf, id=90, 102.3825pt x 96.36pt>
File: figures/3dgrid1-eps-converted-to.pdf Graphic file (type pdf)
<use figures/3dgrid1-eps-converted-to.pdf>
Package pdftex.def Info: figures/3dgrid1-eps-converted-to.pdf  used on input line 542.
(pdftex.def)             Requested size: 133.09723pt x 125.26794pt.


LaTeX Warning: `h' float specifier changed to `ht'.



[13 <./figures/ex1-eps-converted-to.pdf> <./figures/ex2-eps-converted-to.pdf> <./figures/ex3-eps-converted-to.pdf>]
Package epstopdf Info: Source file: <figures/3dgridsd.eps>
(epstopdf)                    date: 2024-12-18 16:42:40
(epstopdf)                    size: 36320 bytes
(epstopdf)             Output file: <figures/3dgridsd-eps-converted-to.pdf>
(epstopdf)                    date: 2024-12-18 16:43:38
(epstopdf)                    size: 11972 bytes
(epstopdf)             Command: <repstopdf --outfile=figures/3dgridsd-eps-converted-to.pdf figures/3dgridsd.eps>
(epstopdf)             \includegraphics on input line 554.
Package epstopdf Info: Output file is already uptodate.
<figures/3dgridsd-eps-converted-to.pdf, id=101, 102.3825pt x 96.36pt>
File: figures/3dgridsd-eps-converted-to.pdf Graphic file (type pdf)
<use figures/3dgridsd-eps-converted-to.pdf>
Package pdftex.def Info: figures/3dgridsd-eps-converted-to.pdf  used on input line 554.
(pdftex.def)             Requested size: 133.09723pt x 125.26794pt.

Underfull \hbox (badness 10000) in paragraph at lines 566--567

 []



[14]
Overfull \vbox (114.25143pt too high) has occurred while \output is active []



[15 <./figures/3dgrid1-eps-converted-to.pdf> <./figures/3dgridsd-eps-converted-to.pdf>]
Package epstopdf Info: Source file: <figures/3dshiftcalcul.eps>
(epstopdf)                    date: 2024-12-18 16:42:40
(epstopdf)                    size: 42921 bytes
(epstopdf)             Output file: <figures/3dshiftcalcul-eps-converted-to.pdf>
(epstopdf)                    date: 2024-12-18 16:43:38
(epstopdf)                    size: 12768 bytes
(epstopdf)             Command: <repstopdf --outfile=figures/3dshiftcalcul-eps-converted-to.pdf figures/3dshiftcalcul.eps>
(epstopdf)             \includegraphics on input line 627.
Package epstopdf Info: Output file is already uptodate.
<figures/3dshiftcalcul-eps-converted-to.pdf, id=121, 307.1475pt x 191.71625pt>
File: figures/3dshiftcalcul-eps-converted-to.pdf Graphic file (type pdf)
<use figures/3dshiftcalcul-eps-converted-to.pdf>
Package pdftex.def Info: figures/3dshiftcalcul-eps-converted-to.pdf  used on input line 627.
(pdftex.def)             Requested size: 245.71832pt x 153.3732pt.
Package epstopdf Info: Source file: <figures/3dshift2calcul.eps>
(epstopdf)                    date: 2024-12-18 16:42:40
(epstopdf)                    size: 65682 bytes
(epstopdf)             Output file: <figures/3dshift2calcul-eps-converted-to.pdf>
(epstopdf)                    date: 2024-12-18 16:43:38
(epstopdf)                    size: 16740 bytes
(epstopdf)             Command: <repstopdf --outfile=figures/3dshift2calcul-eps-converted-to.pdf figures/3dshift2calcul.eps>
(epstopdf)             \includegraphics on input line 633.
Package epstopdf Info: Output file is already uptodate.
<figures/3dshift2calcul-eps-converted-to.pdf, id=122, 363.3575pt x 408.52625pt>
File: figures/3dshift2calcul-eps-converted-to.pdf Graphic file (type pdf)
<use figures/3dshift2calcul-eps-converted-to.pdf>
Package pdftex.def Info: figures/3dshift2calcul-eps-converted-to.pdf  used on input line 633.
(pdftex.def)             Requested size: 290.68639pt x 326.82144pt.


[16]

[17 <./figures/3dshiftcalcul-eps-converted-to.pdf>]

[18 <./figures/3dshift2calcul-eps-converted-to.pdf>]
Package epstopdf Info: Source file: <figures/3dsymmetry.eps>
(epstopdf)                    date: 2024-12-18 16:42:40
(epstopdf)                    size: 147090 bytes
(epstopdf)             Output file: <figures/3dsymmetry-eps-converted-to.pdf>
(epstopdf)                    date: 2024-12-18 16:43:38
(epstopdf)                    size: 29775 bytes
(epstopdf)             Command: <repstopdf --outfile=figures/3dsymmetry-eps-converted-to.pdf figures/3dsymmetry.eps>
(epstopdf)             \includegraphics on input line 703.
Package epstopdf Info: Output file is already uptodate.
<figures/3dsymmetry-eps-converted-to.pdf, id=145, 482.80376pt x 553.06625pt>
File: figures/3dsymmetry-eps-converted-to.pdf Graphic file (type pdf)
<use figures/3dsymmetry-eps-converted-to.pdf>
Package pdftex.def Info: figures/3dsymmetry-eps-converted-to.pdf  used on input line 703.
(pdftex.def)             Requested size: 362.10193pt x 414.79866pt.


[19]

[20 <./figures/3dsymmetry-eps-converted-to.pdf>] (./qis.bbl

[21])

[22] (./qis.aux)
 ***********
LaTeX2e <2024-11-01>
L3 programming layer <2024-11-02>
 ***********
 ) 
Here is how much of TeX's memory you used:
 12375 strings out of 475246
 215478 string characters out of 5768755
 609994 words of memory out of 5000000
 35009 multiletter control sequences out of 15000+600000
 575848 words of font info for 82 fonts, out of 8000000 for 9000
 59 hyphenation exceptions out of 8191
 75i,21n,79p,1059b,377s stack positions out of 10000i,1000n,20000p,200000b,200000s
</usr/share/texlive/texmf-dist/fonts/type1/public/amsfonts/cm/cmbx12.pfb></usr/share/texlive/texmf-dist/fonts/type1/public/amsfonts/cm/cmex10.pfb></usr/share/texlive/texmf-dist/fonts/type1/public/amsfonts/cm/cmmi10.pfb></usr/share/texlive/texmf-dist/fonts/type1/public/amsfonts/cm/cmmi12.pfb></usr/share/texlive/texmf-dist/fonts/type1/public/amsfonts/cm/cmmi7.pfb></usr/share/texlive/texmf-dist/fonts/type1/public/amsfonts/cm/cmmi8.pfb></usr/share/texlive/texmf-dist/fonts/type1/public/amsfonts/cm/cmr10.pfb></usr/share/texlive/texmf-dist/fonts/type1/public/amsfonts/cm/cmr12.pfb></usr/share/texlive/texmf-dist/fonts/type1/public/amsfonts/cm/cmr8.pfb></usr/share/texlive/texmf-dist/fonts/type1/public/amsfonts/cm/cmsy10.pfb></usr/share/texlive/texmf-dist/fonts/type1/public/amsfonts/cm/cmsy8.pfb></usr/share/texmf/fonts/type1/public/cm-super/sfbx1200.pfb></usr/share/texmf/fonts/type1/public/cm-super/sfcc1200.pfb></usr/share/texmf/fonts/type1/public/cm-super/sfrm0800.pfb></usr/share/texmf/fonts/type1/public/cm-super/sfrm1000.pfb></usr/share/texmf/fonts/type1/public/cm-super/sfrm1200.pfb></usr/share/texmf/fonts/type1/public/cm-super/sfrm1728.pfb></usr/share/texmf/fonts/type1/public/cm-super/sfti0700.pfb></usr/share/texmf/fonts/type1/public/cm-super/sfti1000.pfb></usr/share/texmf/fonts/type1/public/cm-super/sfti1200.pfb>
Output written on qis.pdf (22 pages, 413086 bytes).
PDF statistics:
 251 PDF objects out of 1000 (max. 8388607)
 146 compressed objects within 2 object streams
 0 named destinations out of 1000 (max. 500000)
 86 words of extra memory for PDF output out of 10000 (max. 10000000)

